app/build/outputs/apk/manifest-merger-debug-report.txt
-- Merging decision tree log ---
manifest
ADDED from AndroidManifest.xml:2:1
	xmlns:android
		ADDED from AndroidManifest.xml:5:32
	package
		ADDED from AndroidManifest.xml:2:11
		INJECTED from AndroidManifest.xml:0:0
		INJECTED from AndroidManifest.xml:0:0
	android:versionName
		ADDED from AndroidManifest.xml:5:5
	android:versionCode
		ADDED from AndroidManifest.xml:4:5
		INJECTED from AndroidManifest.xml:0:0
		INJECTED from AndroidManifest.xml:0:0
	android:installLocation
		ADDED from AndroidManifest.xml:3:5
uses-sdk
ADDED from AndroidManifest.xml:8:5
MERGED from com.android.support:support-v4:21.0.3:15:5
MERGED from com.android.support:appcompat-v7:21.0.3:15:5
MERGED from com.android.support:support-v4:21.0.3:15:5
MERGED from com.google.android.gms:play-services:6.5.87:18:5
MERGED from com.android.support:support-v4:21.0.3:15:5
MERGED from com.github.gabrielemariotti.cards:library:1.9.1:24:5
MERGED from com.shamanland:fab:0.0.6:8:5
MERGED from com.github.johnkil.android-progressfragment:progressfragment:1.4.0:3:5
MERGED from com.android.support:support-v4:21.0.3:15:5
	android:targetSdkVersion
		ADDED from AndroidManifest.xml:11:9
		INJECTED from AndroidManifest.xml:0:0
		INJECTED from AndroidManifest.xml:0:0
	android:minSdkVersion
		ADDED from AndroidManifest.xml:10:9
		INJECTED from AndroidManifest.xml:0:0
		INJECTED from AndroidManifest.xml:0:0
	android:maxSdkVersion
		ADDED from AndroidManifest.xml:9:9
supports-screens
ADDED from AndroidManifest.xml:14:5
	android:resizeable
		ADDED from AndroidManifest.xml:18:9
	android:largeScreens
		ADDED from AndroidManifest.xml:16:9
	android:anyDensity
		ADDED from AndroidManifest.xml:15:9
	android:normalScreens
		ADDED from AndroidManifest.xml:17:9
	android:xlargeScreens
		ADDED from AndroidManifest.xml:20:9
	android:smallScreens
		ADDED from AndroidManifest.xml:19:9
uses-feature#0x00020000
ADDED from AndroidManifest.xml:23:5
	android:required
		ADDED from AndroidManifest.xml:25:9
	android:glEsVersion
		ADDED from AndroidManifest.xml:24:9
uses-permission#me.iamcxa.remindme.permission.MAPS_RECEIVE
ADDED from AndroidManifest.xml:28:5
	android:protectionLevel
		ADDED from AndroidManifest.xml:30:9
	android:name
		ADDED from AndroidManifest.xml:29:9
uses-permission#android.permission.ACCESS_COARSE_LOCATION
ADDED from AndroidManifest.xml:31:5
	android:name
		ADDED from AndroidManifest.xml:31:22
uses-permission#android.permission.ACCESS_FINE_LOCATION
ADDED from AndroidManifest.xml:32:5
	android:name
		ADDED from AndroidManifest.xml:32:22
uses-permission#com.google.android.providers.gsf.permission.READ_GSERVICES
ADDED from AndroidManifest.xml:33:5
	android:name
		ADDED from AndroidManifest.xml:33:22
uses-permission#android.permission.VIBRATE
ADDED from AndroidManifest.xml:34:5
	android:name
		ADDED from AndroidManifest.xml:34:22
application
ADDED from AndroidManifest.xml:37:5
MERGED from com.android.support:support-v4:21.0.3:16:5
MERGED from com.android.support:appcompat-v7:21.0.3:16:5
MERGED from com.android.support:support-v4:21.0.3:16:5
MERGED from com.google.android.gms:play-services:6.5.87:20:5
MERGED from com.android.support:support-v4:21.0.3:16:5
MERGED from com.github.gabrielemariotti.cards:library:1.9.1:28:5
MERGED from com.shamanland:fab:0.0.6:12:5
MERGED from com.github.johnkil.android-progressfragment:progressfragment:1.4.0:5:5
MERGED from com.android.support:support-v4:21.0.3:16:5
	android:allowBackup
		ADDED from AndroidManifest.xml:38:9
	android:icon
		ADDED from AndroidManifest.xml:42:9
	android:theme
		ADDED from AndroidManifest.xml:45:9
	android:hardwareAccelerated
		ADDED from AndroidManifest.xml:41:9
	android:largeHeap
		ADDED from AndroidManifest.xml:43:9
	android:enabled
		ADDED from AndroidManifest.xml:40:9
	android:allowClearUserData
		ADDED from AndroidManifest.xml:39:9
	android:logo
		ADDED from AndroidManifest.xml:44:9
activity#me.iamcxa.remindme.RemindmeMainActivity
ADDED from AndroidManifest.xml:48:9
	android:screenOrientation
		ADDED from AndroidManifest.xml:51:13
	android:label
		ADDED from AndroidManifest.xml:50:13
	android:hardwareAccelerated
		ADDED from AndroidManifest.xml:51:50
	android:name
		ADDED from AndroidManifest.xml:49:13
intent-filter#android.intent.action.MAIN+android.intent.category.LAUNCHER
ADDED from AndroidManifest.xml:52:13
action#android.intent.action.MAIN
ADDED from AndroidManifest.xml:53:17
	android:name
		ADDED from AndroidManifest.xml:53:25
category#android.intent.category.LAUNCHER
ADDED from AndroidManifest.xml:55:17
	android:name
		ADDED from AndroidManifest.xml:55:27
activity#me.iamcxa.remindme.editor.TaskEditorTab
ADDED from AndroidManifest.xml:60:9
	android:screenOrientation
		ADDED from AndroidManifest.xml:62:13
	android:hardwareAccelerated
		ADDED from AndroidManifest.xml:62:50
	android:name
		ADDED from AndroidManifest.xml:61:13
intent-filter#android.intent.action.new
ADDED from AndroidManifest.xml:63:13
action#android.intent.action.new
ADDED from AndroidManifest.xml:64:17
	android:name
		ADDED from AndroidManifest.xml:64:25
provider#me.iamcxa.remindme.database.TaskDbProvider
ADDED from AndroidManifest.xml:69:9
	android:exported
		ADDED from AndroidManifest.xml:72:13
	android:authorities
		ADDED from AndroidManifest.xml:71:13
	android:name
		ADDED from AndroidManifest.xml:70:13
activity#me.iamcxa.remindme.RemindmePreference
ADDED from AndroidManifest.xml:76:9
	android:screenOrientation
		ADDED from AndroidManifest.xml:78:13
	android:name
		ADDED from AndroidManifest.xml:77:13
uses-library#com.google.android.maps
ADDED from AndroidManifest.xml:82:9
	android:name
		ADDED from AndroidManifest.xml:82:23
meta-data#com.google.android.maps.v2.API_KEY
ADDED from AndroidManifest.xml:83:9
	android:name
		ADDED from AndroidManifest.xml:84:13
	android:value
		ADDED from AndroidManifest.xml:85:13
meta-data#com.google.android.gms.version
ADDED from AndroidManifest.xml:88:9
MERGED from com.google.android.gms:play-services:6.5.87:21:9
	android:name
		ADDED from AndroidManifest.xml:89:13
	android:value
		ADDED from AndroidManifest.xml:90:13
receiver#me.iamcxa.remindme.RemindmeReceiver_TaskAlert
ADDED from AndroidManifest.xml:93:9
	android:exported
		ADDED from AndroidManifest.xml:95:13
	android:name
		ADDED from AndroidManifest.xml:94:13
intent-filter#android.intent.category.DEFAULT+me.iamcxa.remindme.TaskReceiver
ADDED from AndroidManifest.xml:96:13
action#me.iamcxa.remindme.TaskReceiver
ADDED from AndroidManifest.xml:99:17
	android:name
		ADDED from AndroidManifest.xml:99:25
category#android.intent.category.DEFAULT
ADDED from AndroidManifest.xml:101:17
	android:name
		ADDED from AndroidManifest.xml:101:27
activity#me.iamcxa.remindme.provider.AlarmProvider
ADDED from AndroidManifest.xml:107:9
	android:name
		ADDED from AndroidManifest.xml:107:19
service#me.iamcxa.remindme.service.TaskSortingService
ADDED from AndroidManifest.xml:111:9
	android:name
		ADDED from AndroidManifest.xml:111:18
activity#me.iamcxa.remindme.alert.AlertNotiDialog
ADDED from AndroidManifest.xml:114:9
	android:uiOptions
		ADDED from AndroidManifest.xml:114:112
	android:theme
		ADDED from AndroidManifest.xml:114:75
	android:name
		ADDED from AndroidManifest.xml:114:19
intent-filter#android.intent.action.MAIN
ADDED from AndroidManifest.xml:115:13
service#me.iamcxa.remindme.alert.AlertHandler
ADDED from AndroidManifest.xml:119:9
	android:name
		ADDED from AndroidManifest.xml:119:18
service#me.iamcxa.remindme.alert.DelayTheAlert
ADDED from AndroidManifest.xml:120:9
	android:name
		ADDED from AndroidManifest.xml:120:18
service#me.iamcxa.remindme.alert.FinishTheAlert
ADDED from AndroidManifest.xml:121:9
	android:name
		ADDED from AndroidManifest.xml:121:18